<?xml version="1.0" encoding="UTF-8"?>
<testsuite xmlns:xsi="http://www.w3.org/2001/XMLSchema-instance" xsi:noNamespaceSchemaLocation="https://maven.apache.org/surefire/maven-surefire-plugin/xsd/surefire-test-report-3.0.xsd" version="3.0" name="bloodbank.TestBloodBankSystem" time="1.849" tests="2" errors="0" skipped="0" failures="0">
  <properties>
[...]
</properties>
  <testcase name="test01_all_persons_with_adminrole" classname="bloodbank.TestBloodBankSystem" time="1.287">
    <system-out><![CDATA[       bloodbank.TestBloodBankSystem | oneTimeSetUp]]></system-out>
  </testcase>
  <testcase name="test02_all_persons_with_user_role" classname="bloodbank.TestBloodBankSystem" time="0.036"/>
</testsuite>